<?xml version="1.0" encoding="UTF-8"?>
<!-- Generated by org.testng.reporters.JUnitXMLReporter -->
<testsuite ignored="0" hostname="mugundhan-Vostro-2520" failures="1" tests="8" name="Admin Tests" time="32.459" errors="0" timestamp="2022-05-13T00:47:05 IST">
  <testcase classname="apitest.Testcase" name="GetAllUserScore" time="1.787"/>
  <testcase classname="apitest.Testcase" name="LoginwithInvalidUser" time="2.656"/>
  <testcase classname="apitest.Testcase" name="RegisterUserPass" time="2.231"/>
  <testcase classname="apitest.Testcase" name="RegisterUserFailed" time="1.526"/>
  <testcase classname="apitest.Testcase" name="LoginwithNewlyCreatedUser" time="3.958"/>
  <testcase classname="apitest.Testcase" name="InsertUserScore" time="6.481"/>
  <testcase classname="apitest.Testcase" name="UpdateUserScore" time="6.243"/>
  <testcase classname="apitest.Testcase" name="DeleteUserScore" time="1.858">
    <failure type="java.lang.RuntimeException" message="Not able to delete user in Leaderboard. Content of failed Response: io.restassured.internal.RestAssuredResponseImpl@70d3cdbf , Status Code : 401">
      <![CDATA[java.lang.RuntimeException: Not able to delete user in Leaderboard. Content of failed Response: io.restassured.internal.RestAssuredResponseImpl@70d3cdbf , Status Code : 401
at api.EndPoints.DeleteUserinLeaderBoard(EndPoints.java:133)
at apitest.Testcase.DeleteUserScore(Testcase.java:172)
at java.base/java.util.ArrayList.forEach(ArrayList.java:1511)
... Removed 27 stack frames]]>
    </failure>
  </testcase> <!-- DeleteUserScore -->
</testsuite> <!-- Admin Tests -->
