<?xml version="1.0" encoding="UTF-8"?>
<!-- Generated by org.testng.reporters.JUnitXMLReporter -->
<testsuite ignored="0" hostname="mugundhan-Vostro-2520" failures="1" tests="8" name="API Tests" time="37.25" errors="0" timestamp="2022-05-13T05:37:02 IST">
  <testcase classname="apitest.Testcase" name="GetAllUserScore" time="2.084"/>
  <testcase classname="apitest.Testcase" name="LoginwithInvalidUser" time="2.76"/>
  <testcase classname="apitest.Testcase" name="RegisterUserPass" time="3.067"/>
  <testcase classname="apitest.Testcase" name="RegisterUserFailed" time="1.501"/>
  <testcase classname="apitest.Testcase" name="LoginwithNewlyCreatedUser" time="4.884"/>
  <testcase classname="apitest.Testcase" name="InsertUserScore" time="6.514"/>
  <testcase classname="apitest.Testcase" name="UpdateUserScore" time="6.639"/>
  <testcase classname="apitest.Testcase" name="DeleteUserScore" time="1.636">
    <failure type="java.lang.RuntimeException" message="Not able to delete user in Leaderboard. Content of failed Response: io.restassured.internal.RestAssuredResponseImpl@191774d6 , Status Code : 401">
      <![CDATA[java.lang.RuntimeException: Not able to delete user in Leaderboard. Content of failed Response: io.restassured.internal.RestAssuredResponseImpl@191774d6 , Status Code : 401
at api.EndPoints.DeleteUserinLeaderBoard(EndPoints.java:132)
at apitest.Testcase.DeleteUserScore(Testcase.java:171)
at java.base/java.util.ArrayList.forEach(ArrayList.java:1511)
... Removed 27 stack frames]]>
    </failure>
  </testcase> <!-- DeleteUserScore -->
</testsuite> <!-- API Tests -->
