<?xml version="1.0" encoding="UTF-8"?>
<testng-results ignored="0" total="8" passed="7" failed="1" skipped="0">
  <reporter-output>
  </reporter-output>
  <suite started-at="2022-05-13T00:46:33 IST" name="Test Suite" finished-at="2022-05-13T00:47:05 IST" duration-ms="32459">
    <groups>
    </groups>
    <test started-at="2022-05-13T00:46:33 IST" name="Admin Tests" finished-at="2022-05-13T00:47:05 IST" duration-ms="32459">
      <class name="apitest.Testcase">
        <test-method is-config="true" signature="iAmAnAuthorizedUser()[pri:0, instance:apitest.Testcase@36916eb0]" started-at="2022-05-13T00:46:33 IST" name="iAmAnAuthorizedUser" finished-at="2022-05-13T00:46:38 IST" duration-ms="5641" status="PASS">
          <reporter-output>
          </reporter-output>
        </test-method> <!-- iAmAnAuthorizedUser -->
        <test-method is-config="true" signature="beforeNewRequest()[pri:0, instance:apitest.Testcase@36916eb0]" started-at="2022-05-13T00:46:38 IST" name="beforeNewRequest" finished-at="2022-05-13T00:46:38 IST" duration-ms="2" status="PASS">
          <reporter-output>
          </reporter-output>
        </test-method> <!-- beforeNewRequest -->
        <test-method signature="GetAllUserScore()[pri:4, instance:apitest.Testcase@36916eb0]" started-at="2022-05-13T00:46:38 IST" name="GetAllUserScore" finished-at="2022-05-13T00:46:40 IST" duration-ms="1787" status="PASS">
          <reporter-output>
          </reporter-output>
        </test-method> <!-- GetAllUserScore -->
        <test-method is-config="true" signature="beforeNewRequest()[pri:0, instance:apitest.Testcase@36916eb0]" started-at="2022-05-13T00:46:40 IST" name="beforeNewRequest" finished-at="2022-05-13T00:46:40 IST" duration-ms="2" status="PASS">
          <reporter-output>
          </reporter-output>
        </test-method> <!-- beforeNewRequest -->
        <test-method signature="LoginwithInvalidUser()[pri:5, instance:apitest.Testcase@36916eb0]" started-at="2022-05-13T00:46:40 IST" name="LoginwithInvalidUser" finished-at="2022-05-13T00:46:43 IST" duration-ms="2656" status="PASS">
          <reporter-output>
          </reporter-output>
        </test-method> <!-- LoginwithInvalidUser -->
        <test-method is-config="true" signature="beforeNewRequest()[pri:0, instance:apitest.Testcase@36916eb0]" started-at="2022-05-13T00:46:43 IST" name="beforeNewRequest" finished-at="2022-05-13T00:46:43 IST" duration-ms="2" status="PASS">
          <reporter-output>
          </reporter-output>
        </test-method> <!-- beforeNewRequest -->
        <test-method signature="RegisterUserPass()[pri:10, instance:apitest.Testcase@36916eb0]" started-at="2022-05-13T00:46:43 IST" name="RegisterUserPass" finished-at="2022-05-13T00:46:45 IST" duration-ms="2231" status="PASS">
          <reporter-output>
          </reporter-output>
        </test-method> <!-- RegisterUserPass -->
        <test-method is-config="true" signature="beforeNewRequest()[pri:0, instance:apitest.Testcase@36916eb0]" started-at="2022-05-13T00:46:45 IST" name="beforeNewRequest" finished-at="2022-05-13T00:46:45 IST" duration-ms="1" status="PASS">
          <reporter-output>
          </reporter-output>
        </test-method> <!-- beforeNewRequest -->
        <test-method signature="RegisterUserFailed()[pri:20, instance:apitest.Testcase@36916eb0]" started-at="2022-05-13T00:46:45 IST" name="RegisterUserFailed" finished-at="2022-05-13T00:46:46 IST" duration-ms="1526" status="PASS">
          <reporter-output>
          </reporter-output>
        </test-method> <!-- RegisterUserFailed -->
        <test-method is-config="true" signature="beforeNewRequest()[pri:0, instance:apitest.Testcase@36916eb0]" started-at="2022-05-13T00:46:46 IST" name="beforeNewRequest" finished-at="2022-05-13T00:46:46 IST" duration-ms="1" status="PASS">
          <reporter-output>
          </reporter-output>
        </test-method> <!-- beforeNewRequest -->
        <test-method signature="LoginwithNewlyCreatedUser()[pri:30, instance:apitest.Testcase@36916eb0]" started-at="2022-05-13T00:46:46 IST" name="LoginwithNewlyCreatedUser" finished-at="2022-05-13T00:46:50 IST" duration-ms="3958" status="PASS">
          <reporter-output>
          </reporter-output>
        </test-method> <!-- LoginwithNewlyCreatedUser -->
        <test-method is-config="true" signature="beforeNewRequest()[pri:0, instance:apitest.Testcase@36916eb0]" started-at="2022-05-13T00:46:50 IST" name="beforeNewRequest" finished-at="2022-05-13T00:46:50 IST" duration-ms="1" status="PASS">
          <reporter-output>
          </reporter-output>
        </test-method> <!-- beforeNewRequest -->
        <test-method signature="InsertUserScore()[pri:60, instance:apitest.Testcase@36916eb0]" started-at="2022-05-13T00:46:50 IST" name="InsertUserScore" finished-at="2022-05-13T00:46:57 IST" duration-ms="6481" status="PASS">
          <reporter-output>
          </reporter-output>
        </test-method> <!-- InsertUserScore -->
        <test-method is-config="true" signature="beforeNewRequest()[pri:0, instance:apitest.Testcase@36916eb0]" started-at="2022-05-13T00:46:57 IST" name="beforeNewRequest" finished-at="2022-05-13T00:46:57 IST" duration-ms="1" status="PASS">
          <reporter-output>
          </reporter-output>
        </test-method> <!-- beforeNewRequest -->
        <test-method signature="UpdateUserScore()[pri:70, instance:apitest.Testcase@36916eb0]" started-at="2022-05-13T00:46:57 IST" name="UpdateUserScore" finished-at="2022-05-13T00:47:03 IST" duration-ms="6243" status="PASS">
          <reporter-output>
          </reporter-output>
        </test-method> <!-- UpdateUserScore -->
        <test-method is-config="true" signature="beforeNewRequest()[pri:0, instance:apitest.Testcase@36916eb0]" started-at="2022-05-13T00:47:03 IST" name="beforeNewRequest" finished-at="2022-05-13T00:47:03 IST" duration-ms="2" status="PASS">
          <reporter-output>
          </reporter-output>
        </test-method> <!-- beforeNewRequest -->
        <test-method signature="DeleteUserScore()[pri:80, instance:apitest.Testcase@36916eb0]" started-at="2022-05-13T00:47:03 IST" name="DeleteUserScore" finished-at="2022-05-13T00:47:05 IST" duration-ms="1858" status="FAIL">
          <exception class="java.lang.RuntimeException">
            <message>
              <![CDATA[Not able to delete user in Leaderboard. Content of failed Response: io.restassured.internal.RestAssuredResponseImpl@70d3cdbf , Status Code : 401]]>
            </message>
            <full-stacktrace>
              <![CDATA[java.lang.RuntimeException: Not able to delete user in Leaderboard. Content of failed Response: io.restassured.internal.RestAssuredResponseImpl@70d3cdbf , Status Code : 401
at api.EndPoints.DeleteUserinLeaderBoard(EndPoints.java:133)
at apitest.Testcase.DeleteUserScore(Testcase.java:172)
at java.base/jdk.internal.reflect.NativeMethodAccessorImpl.invoke0(Native Method)
at java.base/jdk.internal.reflect.NativeMethodAccessorImpl.invoke(NativeMethodAccessorImpl.java:77)
at java.base/jdk.internal.reflect.DelegatingMethodAccessorImpl.invoke(DelegatingMethodAccessorImpl.java:43)
at java.base/java.lang.reflect.Method.invoke(Method.java:568)
at org.testng.internal.MethodInvocationHelper.invokeMethod(MethodInvocationHelper.java:133)
at org.testng.internal.TestInvoker.invokeMethod(TestInvoker.java:598)
at org.testng.internal.TestInvoker.invokeTestMethod(TestInvoker.java:173)
at org.testng.internal.MethodRunner.runInSequence(MethodRunner.java:46)
at org.testng.internal.TestInvoker$MethodInvocationAgent.invoke(TestInvoker.java:824)
at org.testng.internal.TestInvoker.invokeTestMethods(TestInvoker.java:146)
at org.testng.internal.TestMethodWorker.invokeTestMethods(TestMethodWorker.java:146)
at org.testng.internal.TestMethodWorker.run(TestMethodWorker.java:128)
at java.base/java.util.ArrayList.forEach(ArrayList.java:1511)
at org.testng.TestRunner.privateRun(TestRunner.java:794)
at org.testng.TestRunner.run(TestRunner.java:596)
at org.testng.SuiteRunner.runTest(SuiteRunner.java:377)
at org.testng.SuiteRunner.runSequentially(SuiteRunner.java:371)
at org.testng.SuiteRunner.privateRun(SuiteRunner.java:332)
at org.testng.SuiteRunner.run(SuiteRunner.java:276)
at org.testng.SuiteRunnerWorker.runSuite(SuiteRunnerWorker.java:53)
at org.testng.SuiteRunnerWorker.run(SuiteRunnerWorker.java:96)
at org.testng.TestNG.runSuitesSequentially(TestNG.java:1212)
at org.testng.TestNG.runSuitesLocally(TestNG.java:1134)
at org.testng.TestNG.runSuites(TestNG.java:1063)
at org.testng.TestNG.run(TestNG.java:1031)
at org.testng.remote.AbstractRemoteTestNG.run(AbstractRemoteTestNG.java:115)
at org.testng.remote.RemoteTestNG.initAndRun(RemoteTestNG.java:251)
at org.testng.remote.RemoteTestNG.main(RemoteTestNG.java:77)
]]>
            </full-stacktrace>
          </exception> <!-- java.lang.RuntimeException -->
          <reporter-output>
          </reporter-output>
        </test-method> <!-- DeleteUserScore -->
        <test-method is-config="true" signature="Cleanup()[pri:0, instance:apitest.Testcase@36916eb0]" started-at="2022-05-13T00:47:05 IST" name="Cleanup" finished-at="2022-05-13T00:47:05 IST" duration-ms="0" status="PASS">
          <reporter-output>
          </reporter-output>
        </test-method> <!-- Cleanup -->
      </class> <!-- apitest.Testcase -->
    </test> <!-- Admin Tests -->
  </suite> <!-- Test Suite -->
</testng-results>
